INFO - 2024-08-25 13:08:26 --> Session: Class initialized using 'CodeIgniter\Session\Handlers\FileHandler' driver.
INFO - 2024-08-25 13:08:33 --> Session: Class initialized using 'CodeIgniter\Session\Handlers\FileHandler' driver.
INFO - 2024-08-25 13:08:33 --> Session: Class initialized using 'CodeIgniter\Session\Handlers\FileHandler' driver.
INFO - 2024-08-25 13:09:56 --> Session: Class initialized using 'CodeIgniter\Session\Handlers\FileHandler' driver.
WARNING - 2024-08-25 14:28:48 --> [DEPRECATED] Using ${expr} (variable variables) in strings is deprecated, use {${expr}} instead in APPPATH\Commands\CreateModule.php on line 70.
 1 SYSTEMPATH\Autoloader\Autoloader.php(306): include_once('C:\\laragon\\www\\consent\\system\\Debug\\Exceptions.php')
 2 SYSTEMPATH\Autoloader\Autoloader.php(285): CodeIgniter\Autoloader\Autoloader->includeFile('C:\\laragon\\www\\consent\\app\\Commands\\CreateModule.php')
 3 SYSTEMPATH\Autoloader\Autoloader.php(263): CodeIgniter\Autoloader\Autoloader->loadInNamespace('App\\Commands\\CreateModule')
 4 [internal function]: CodeIgniter\Autoloader\Autoloader->loadClass('App\\Commands\\CreateModule')
 5 SYSTEMPATH\CLI\Commands.php(105): class_exists('App\\Commands\\CreateModule')
 6 SYSTEMPATH\CLI\Commands.php(46): CodeIgniter\CLI\Commands->discoverCommands()
 7 SYSTEMPATH\Config\Services.php(173): CodeIgniter\CLI\Commands->__construct()
 8 SYSTEMPATH\Config\BaseService.php(258): CodeIgniter\Config\Services::commands(false)
 9 SYSTEMPATH\Config\BaseService.php(199): CodeIgniter\Config\BaseService::__callStatic('commands', [...])
10 SYSTEMPATH\Config\Services.php(170): CodeIgniter\Config\BaseService::getSharedInstance('commands')
11 SYSTEMPATH\Config\BaseService.php(258): CodeIgniter\Config\Services::commands()
12 SYSTEMPATH\CLI\Console.php(32): CodeIgniter\Config\BaseService::__callStatic('commands', [])
13 ROOTPATH\spark(102): CodeIgniter\CLI\Console->run()
CRITICAL - 2024-08-25 14:28:50 --> Undefined variable $blog
in APPPATH\Commands\CreateModule.php on line 72.
 1 APPPATH\Commands\CreateModule.php(72): CodeIgniter\Debug\Exceptions->errorHandler(2, 'Undefined variable $blog', 'C:\\laragon\\www\\consent\\app\\Commands\\CreateModule.php', 72)
 2 APPPATH\Commands\CreateModule.php(25): App\Commands\CreateModule->createModule('blog')
 3 SYSTEMPATH\CLI\Commands.php(65): App\Commands\CreateModule->run([])
 4 SYSTEMPATH\CLI\Console.php(37): CodeIgniter\CLI\Commands->run('module:create', [])
 5 ROOTPATH\spark(102): CodeIgniter\CLI\Console->run()
CRITICAL - 2024-08-25 14:42:11 --> Undefined variable $welcome_message
in APPPATH\Views\welcome_message.php on line 228.
 1 APPPATH\Views\welcome_message.php(228): CodeIgniter\Debug\Exceptions->errorHandler(2, 'Undefined variable $welcome_message', 'C:\\laragon\\www\\consent\\app\\Views\\welcome_message.php', 228)
 2 SYSTEMPATH\View\View.php(226): include('C:\\laragon\\www\\consent\\app\\Views\\welcome_message.php')
 3 SYSTEMPATH\View\View.php(229): CodeIgniter\View\View->CodeIgniter\View\{closure}()
 4 SYSTEMPATH\Common.php(1188): CodeIgniter\View\View->render('welcome_message', [], true)
 5 APPPATH\Controllers\Home.php(9): view('welcome_message')
 6 SYSTEMPATH\CodeIgniter.php(919): App\Controllers\Home->index()
 7 SYSTEMPATH\CodeIgniter.php(494): CodeIgniter\CodeIgniter->runController(Object(App\Controllers\Home))
 8 SYSTEMPATH\CodeIgniter.php(353): CodeIgniter\CodeIgniter->handleRequest(null, Object(Config\Cache), false)
 9 FCPATH\index.php(79): CodeIgniter\CodeIgniter->run()
CRITICAL - 2024-08-25 15:12:58 --> Undefined property: App\Modules\Blog\Controllers\BlogController::$redirect
in APPPATH\Modules\Blog\Controllers\BlogController.php on line 12.
 1 APPPATH\Modules\Blog\Controllers\BlogController.php(12): CodeIgniter\Debug\Exceptions->errorHandler(2, 'Undefined property: App\\Modules\\Blog\\Controllers\\BlogController::$redirect', 'C:\\laragon\\www\\consent\\app\\Modules\\Blog\\Controllers\\BlogController.php', 12)
 2 SYSTEMPATH\CodeIgniter.php(919): App\Modules\Blog\Controllers\BlogController->index()
 3 SYSTEMPATH\CodeIgniter.php(494): CodeIgniter\CodeIgniter->runController(Object(App\Modules\Blog\Controllers\BlogController))
 4 SYSTEMPATH\CodeIgniter.php(353): CodeIgniter\CodeIgniter->handleRequest(null, Object(Config\Cache), false)
 5 FCPATH\index.php(79): CodeIgniter\CodeIgniter->run()
CRITICAL - 2024-08-25 15:34:21 --> Undefined variable $home
in APPPATH\Views\template\layout.php on line 111.
 1 APPPATH\Views\template\layout.php(111): CodeIgniter\Debug\Exceptions->errorHandler(2, 'Undefined variable $home', 'C:\\laragon\\www\\consent\\app\\Views\\template\\layout.php', 111)
 2 SYSTEMPATH\View\View.php(226): include('C:\\laragon\\www\\consent\\app\\Views\\template\\layout.php')
 3 SYSTEMPATH\View\View.php(229): CodeIgniter\View\View->CodeIgniter\View\{closure}()
 4 SYSTEMPATH\Common.php(1188): CodeIgniter\View\View->render('template/layout', [], true)
 5 APPPATH\Modules\Blog\Controllers\BlogController.php(17): view('template/layout', [...])
 6 SYSTEMPATH\CodeIgniter.php(919): App\Modules\Blog\Controllers\BlogController->index()
 7 SYSTEMPATH\CodeIgniter.php(494): CodeIgniter\CodeIgniter->runController(Object(App\Modules\Blog\Controllers\BlogController))
 8 SYSTEMPATH\CodeIgniter.php(353): CodeIgniter\CodeIgniter->handleRequest(null, Object(Config\Cache), false)
 9 FCPATH\index.php(79): CodeIgniter\CodeIgniter->run()
CRITICAL - 2024-08-25 16:10:04 --> Namespace declaration statement has to be the very first statement or after any declare call in the script
in APPPATH\Modules\Blog\Controllers\BlogController.php on line 3.
 1 [internal function]: CodeIgniter\Debug\Exceptions->shutdownHandler()
